#
# There is insufficient memory for the Java Runtime Environment to continue.
# Native memory allocation (mmap) failed to map 134217728 bytes for Failed to commit area from 0x0000000081e00000 to 0x0000000089e00000 of length 134217728.
# Possible reasons:
#   The system is out of physical RAM or swap space
#   The process is running with CompressedOops enabled, and the Java Heap may be blocking the growth of the native heap
# Possible solutions:
#   Reduce memory load on the system
#   Increase physical memory or swap space
#   Check if swap backing store is full
#   Decrease Java heap size (-Xmx/-Xms)
#   Decrease number of Java threads
#   Decrease Java thread stack sizes (-Xss)
#   Set larger code cache with -XX:ReservedCodeCacheSize=
# This output file may be truncated or incomplete.
#
#  Out of Memory Error (src/hotspot/os/windows/os_windows.cpp:3627), pid=20636, tid=17716
#
# JRE version:  (11.0.15+10) (build )
# Java VM: OpenJDK 64-Bit Server VM (11.0.15+10-b2043.56, mixed mode, sharing, tiered, compressed oops, g1 gc, windows-amd64)
# No core dump will be written. Minidumps are not enabled by default on client versions of Windows
#

---------------  S U M M A R Y ------------

Command Line: git4idea.http.GitAskPassApp Username for 'https://github.com': 

Host: Intel(R) Core(TM) i5-8250U CPU @ 1.60GHz, 8 cores, 7G,  Windows 10 , 64 bit Build 19041 (10.0.19041.1889)
Time: Mon Aug 15 19:16:52 2022 RTZ 2 (s 10 , 64 bit Build 19041 (10.0.19041.1889) elapsed time: 0.012842 seconds (0d 0h 0m 0s)

---------------  T H R E A D  ---------------

Current thread (0x0000024de95de800):  JavaThread "Unknown thread" [_thread_in_vm, id=17716, stack(0x0000005473700000,0x0000005473800000)]

Stack: [0x0000005473700000,0x0000005473800000]
Native frames: (J=compiled Java code, j=interpreted, Vv=VM code, C=native code)
V  [jvm.dll+0x61612a]
V  [jvm.dll+0x79c450]
V  [jvm.dll+0x79da6d]
V  [jvm.dll+0x79e143]
V  [jvm.dll+0x24cc18]
V  [jvm.dll+0x613174]
V  [jvm.dll+0x607e55]
V  [jvm.dll+0x30b1cb]
V  [jvm.dll+0x30b13a]
V  [jvm.dll+0x30b012]
V  [jvm.dll+0x30ff76]
V  [jvm.dll+0x35b4c3]
V  [jvm.dll+0x35bbc6]
V  [jvm.dll+0x35b5c3]
V  [jvm.dll+0x2e5918]
V  [jvm.dll+0x2e6ab7]
V  [jvm.dll+0x7794f7]
V  [jvm.dll+0x77acec]
V  [jvm.dll+0x368a59]
V  [jvm.dll+0x75ce8e]
V  [jvm.dll+0x3d6a33]
V  [jvm.dll+0x3d9001]
C  [jli.dll+0x536b]
C  [ucrtbase.dll+0x21bb2]
C  [KERNEL32.DLL+0x17034]
C  [ntdll.dll+0x52651]


---------------  P R O C E S S  ---------------

Threads class SMR info:
_java_thread_list=0x0000024de7542980, length=0, elements={
}

Java Threads: ( => current thread )

Other Threads:
  0x0000024de95f7000 GCTaskThread "GC Thread#0" [stack: 0x0000005473800000,0x0000005473900000] [id=16784]
  0x0000024de9629800 ConcurrentGCThread "G1 Main Marker" [stack: 0x0000005473900000,0x0000005473a00000] [id=17688]
  0x0000024de962b800 ConcurrentGCThread "G1 Conc#0" [stack: 0x0000005473a00000,0x0000005473b00000] [id=608]

[error occurred during error reporting (printing all threads), id 0xc0000005, EXCEPTION_ACCESS_VIOLATION (0xc0000005) at pc=0x00007ffddb1b6017]

VM state:not at safepoint (not fully initialized)

VM Mutex/Monitor currently owned by a thread:  ([mutex/lock_event])
[0x0000024de95db900] Heap_lock - owner thread: 0x0000024de95de800

Heap address: 0x0000000081e00000, size: 2018 MB, Compressed Oops mode: Non-zero based: 0x0000000081e00000
Narrow klass base: 0x0000000000000000, Narrow klass shift: 0

GC Heap History (0 events):
No events

Deoptimization events (0 events):
No events

Classes redefined (0 events):
No events

Internal exceptions (0 events):
No events

Events (1 events):
Event: 0.007 Loaded shared library C:\Program Files\JetBrains\WebStorm 2022.1.3\jbr\bin\zip.dll


Dynamic libraries:
0x00007ff7effa0000 - 0x00007ff7effaa000 	C:\Program Files\JetBrains\WebStorm 2022.1.3\jbr\bin\java.exe
0x00007ffe37e30000 - 0x00007ffe38028000 	C:\WINDOWS\SYSTEM32\ntdll.dll
0x00007ffe36fe0000 - 0x00007ffe3709d000 	C:\WINDOWS\System32\KERNEL32.DLL
0x00007ffe35520000 - 0x00007ffe357ee000 	C:\WINDOWS\System32\KERNELBASE.dll
0x00007ffe35cb0000 - 0x00007ffe35db0000 	C:\WINDOWS\System32\ucrtbase.dll
0x00007ffe1b400000 - 0x00007ffe1b416000 	C:\Program Files\JetBrains\WebStorm 2022.1.3\jbr\bin\VCRUNTIME140.dll
0x00007ffe1b710000 - 0x00007ffe1b729000 	C:\Program Files\JetBrains\WebStorm 2022.1.3\jbr\bin\jli.dll
0x00007ffe37a20000 - 0x00007ffe37bc0000 	C:\WINDOWS\System32\USER32.dll
0x00007ffe2b140000 - 0x00007ffe2b3da000 	C:\WINDOWS\WinSxS\amd64_microsoft.windows.common-controls_6595b64144ccf1df_6.0.19041.1110_none_60b5254171f9507e\COMCTL32.dll
0x00007ffe35be0000 - 0x00007ffe35c02000 	C:\WINDOWS\System32\win32u.dll
0x00007ffe361d0000 - 0x00007ffe3626e000 	C:\WINDOWS\System32\msvcrt.dll
0x00007ffe36bf0000 - 0x00007ffe36c1a000 	C:\WINDOWS\System32\GDI32.dll
0x00007ffe35aa0000 - 0x00007ffe35bab000 	C:\WINDOWS\System32\gdi32full.dll
0x00007ffe35c10000 - 0x00007ffe35cad000 	C:\WINDOWS\System32\msvcp_win.dll
0x00007ffe36f00000 - 0x00007ffe36f30000 	C:\WINDOWS\System32\IMM32.DLL
0x00007ffdf15e0000 - 0x00007ffdf168a000 	C:\Program Files\JetBrains\WebStorm 2022.1.3\jbr\bin\msvcp140.dll
0x00007ffddaec0000 - 0x00007ffddba3b000 	C:\Program Files\JetBrains\WebStorm 2022.1.3\jbr\bin\server\jvm.dll
0x00007ffe36f30000 - 0x00007ffe36fde000 	C:\WINDOWS\System32\ADVAPI32.dll
0x00007ffe36610000 - 0x00007ffe366ac000 	C:\WINDOWS\System32\sechost.dll
0x00007ffe37bc0000 - 0x00007ffe37ce5000 	C:\WINDOWS\System32\RPCRT4.dll
0x00007ffe35e60000 - 0x00007ffe35e68000 	C:\WINDOWS\System32\PSAPI.DLL
0x00007ffe1cbf0000 - 0x00007ffe1cc17000 	C:\WINDOWS\SYSTEM32\WINMM.dll
0x00007ffe268b0000 - 0x00007ffe268ba000 	C:\WINDOWS\SYSTEM32\VERSION.dll
0x00007ffe1dac0000 - 0x00007ffe1dac9000 	C:\WINDOWS\SYSTEM32\WSOCK32.dll
0x00007ffe37d50000 - 0x00007ffe37dbb000 	C:\WINDOWS\System32\WS2_32.dll
0x00007ffe33e00000 - 0x00007ffe33e12000 	C:\WINDOWS\SYSTEM32\kernel.appcore.dll
0x00007ffe2e980000 - 0x00007ffe2e991000 	C:\Program Files\JetBrains\WebStorm 2022.1.3\jbr\bin\verify.dll
0x00007ffe2d1d0000 - 0x00007ffe2d3b4000 	C:\WINDOWS\SYSTEM32\DBGHELP.DLL
0x00007ffe2d4e0000 - 0x00007ffe2d50c000 	C:\WINDOWS\SYSTEM32\dbgcore.DLL
0x00007ffe35950000 - 0x00007ffe359d2000 	C:\WINDOWS\System32\bcryptPrimitives.dll
0x00007ffe2e8d0000 - 0x00007ffe2e8f9000 	C:\Program Files\JetBrains\WebStorm 2022.1.3\jbr\bin\java.dll
0x00007ffe306a0000 - 0x00007ffe306ab000 	C:\Program Files\JetBrains\WebStorm 2022.1.3\jbr\bin\jimage.dll
0x00007ffe2e780000 - 0x00007ffe2e799000 	C:\Program Files\JetBrains\WebStorm 2022.1.3\jbr\bin\zip.dll

dbghelp: loaded successfully - version: 4.0.5 - missing functions: none
symbol engine: initialized successfully - sym options: 0x614 - pdb path: .;C:\Program Files\JetBrains\WebStorm 2022.1.3\jbr\bin;C:\WINDOWS\SYSTEM32;C:\WINDOWS\WinSxS\amd64_microsoft.windows.common-controls_6595b64144ccf1df_6.0.19041.1110_none_60b5254171f9507e;C:\Program Files\JetBrains\WebStorm 2022.1.3\jbr\bin\server

VM Arguments:
java_command: git4idea.http.GitAskPassApp Username for 'https://github.com': 
java_class_path (initial): C:/Program Files/JetBrains/WebStorm 2022.1.3/plugins/git4idea/lib/git4idea-rt.jar;C:/Program Files/JetBrains/WebStorm 2022.1.3/lib/externalProcess-rt.jar;C:/Program Files/JetBrains/WebStorm 2022.1.3/lib/app.jar;C:/Program Files/JetBrains/WebStorm 2022.1.3/lib/3rd-party-rt.jar
Launcher Type: SUN_STANDARD

[Global flags]
     intx CICompilerCount                          = 4                                         {product} {ergonomic}
     uint ConcGCThreads                            = 2                                         {product} {ergonomic}
     uint G1ConcRefinementThreads                  = 8                                         {product} {ergonomic}
   size_t G1HeapRegionSize                         = 1048576                                   {product} {ergonomic}
    uintx GCDrainStackTargetSize                   = 64                                        {product} {ergonomic}
   size_t InitialHeapSize                          = 134217728                                 {product} {ergonomic}
   size_t MarkStackSize                            = 4194304                                   {product} {ergonomic}
   size_t MaxHeapSize                              = 2116026368                                {product} {ergonomic}
   size_t MinHeapDeltaBytes                        = 1048576                                   {product} {ergonomic}
    uintx NonNMethodCodeHeapSize                   = 5836300                                {pd product} {ergonomic}
    uintx NonProfiledCodeHeapSize                  = 122910970                              {pd product} {ergonomic}
    uintx ProfiledCodeHeapSize                     = 122910970                              {pd product} {ergonomic}
    uintx ReservedCodeCacheSize                    = 251658240                              {pd product} {ergonomic}
     bool SegmentedCodeCache                       = true                                      {product} {ergonomic}
     bool UseCompressedClassPointers               = true                                 {lp64_product} {ergonomic}
     bool UseCompressedOops                        = true                                 {lp64_product} {ergonomic}
     bool UseG1GC                                  = true                                      {product} {ergonomic}
     bool UseLargePagesIndividualAllocation        = false                                  {pd product} {ergonomic}

Logging:
Log output configuration:
 #0: stdout all=warning uptime,level,tags
 #1: stderr all=off uptime,level,tags

Environment Variables:
JAVA_HOME=C:\Program Files\Java\jdk1.8.0_181
JRE_HOME=C:\Program Files\Java\jre1.8.0_202
CLASSPATH=.;
PATH=C:\Program Files\Git\mingw64\libexec\git-core;C:\Program Files\Git\mingw64\libexec\git-core;C:\Program Files\Git\mingw64\bin;C:\Program Files\Git\usr\bin;C:\Users\Lenovo\bin;C:\Program Files (x86)\Common Files\Oracle\Java\javapath;C:\WINDOWS\system32;C:\WINDOWS;C:\WINDOWS\System32\Wbem;C:\WINDOWS\System32\WindowsPowerShell\v1.0;C:\WINDOWS\System32\OpenSSH;C:\ProgramData\chocolatey\bin;C:\Program Files\Java\jdk1.8.0_181\bin;C:\Program Files (x86)\Yarn\bin;C:\Program Files (x86)\Windows Kits\10\Windows Performance Toolkit;C:\Program Files\PuTTY;C:\Program Files\nodejs;C:\Program Files\Git\cmd;C:\Program Files (x86)\dotnet;C:\Users\Lenovo\Documents\flutter\bin;C:\Ruby24-x64\bin;C:\Program Files\heroku\bin;C:\Program Files\JetBrains\WebStorm 2022.1.3\bin;C:\Program Files\JetBrains\RubyMine 2022.2\bin;C:\Users\Lenovo\AppData\Local\Programs\Microsoft VS Code\bin
USERNAME=Lenovo
DISPLAY=:0.0
LC_ALL=en_US.UTF-8
OS=Windows_NT
PROCESSOR_IDENTIFIER=Intel64 Family 6 Model 142 Stepping 10, GenuineIntel



---------------  S Y S T E M  ---------------

OS: Windows 10 , 64 bit Build 19041 (10.0.19041.1889)
OS uptime: 4 days 23:28 hours

CPU:total 8 (initial active 8) (4 cores per cpu, 2 threads per core) family 6 model 142 stepping 10 microcode 0xb4, cmov, cx8, fxsr, mmx, sse, sse2, sse3, ssse3, sse4.1, sse4.2, popcnt, avx, avx2, aes, clmul, erms, 3dnowpref, lzcnt, ht, tsc, tscinvbit, bmi1, bmi2, adx, fma

Memory: 4k page, system-wide physical 8066M (463M free)
TotalPageFile size 18066M (AvailPageFile size 101M)
current process WorkingSet (physical memory assigned to process): 10M, peak: 10M
current process commit charge ("private bytes"): 60M, peak: 187M

vm_info: OpenJDK 64-Bit Server VM (11.0.15+10-b2043.56) for windows-amd64 JRE (11.0.15+10-b2043.56), built on May 16 2022 02:28:12 by "" with MS VC++ 14.0 (VS2015)

END.
